8000    4c  f5  c5  JMP $aaaa	A:00 X:00 Y:00 P:24 SP:fd
c5f5    a2  00      LDX $aaaa	A:00 X:00 Y:00 P:24 SP:fd
c5f7    86  00      STX $aaaa	A:00 X:00 Y:00 P:26 SP:fd
c5f9    86  10      STX $aaaa	A:00 X:00 Y:00 P:26 SP:fd
c5fb    86  11      STX $aaaa	A:00 X:00 Y:00 P:26 SP:fd
c5fd    20  2d  c7  JSR $aaaa	A:00 X:00 Y:00 P:26 SP:fd
c72d    ea          NOP $aaaa	A:00 X:00 Y:00 P:26 SP:fb
c72e    38          SEC $aaaa	A:00 X:00 Y:00 P:26 SP:fb
c72f    b0  04      BCS $aaaa	A:00 X:00 Y:00 P:27 SP:fb
c735    ea          NOP $aaaa	A:00 X:00 Y:00 P:27 SP:fb
c736    18          CLC $aaaa	A:00 X:00 Y:00 P:27 SP:fb
c737    b0  03      BCS $aaaa	A:00 X:00 Y:00 P:26 SP:fb
c739    4c  40  c7  JMP $aaaa	A:00 X:00 Y:00 P:26 SP:fb
c740    ea          NOP $aaaa	A:00 X:00 Y:00 P:26 SP:fb
c741    38          SEC $aaaa	A:00 X:00 Y:00 P:26 SP:fb
c742    90  03      BCC $aaaa	A:00 X:00 Y:00 P:27 SP:fb
c744    4c  4b  c7  JMP $aaaa	A:00 X:00 Y:00 P:27 SP:fb
c74b    ea          NOP $aaaa	A:00 X:00 Y:00 P:27 SP:fb
c74c    18          CLC $aaaa	A:00 X:00 Y:00 P:27 SP:fb
c74d    90  04      BCC $aaaa	A:00 X:00 Y:00 P:26 SP:fb
c753    ea          NOP $aaaa	A:00 X:00 Y:00 P:26 SP:fb
c754    a9  00      LDA $aaaa	A:00 X:00 Y:00 P:26 SP:fb
c756    f0  04      BEQ $aaaa	A:00 X:00 Y:00 P:26 SP:fb
c75c    ea          NOP $aaaa	A:00 X:00 Y:00 P:26 SP:fb
c75d    a9  40      LDA $aaaa	A:00 X:00 Y:00 P:26 SP:fb
c75f    f0  03      BEQ $aaaa	A:40 X:00 Y:00 P:24 SP:fb
c761    4c  68  c7  JMP $aaaa	A:40 X:00 Y:00 P:24 SP:fb
c768    ea          NOP $aaaa	A:40 X:00 Y:00 P:24 SP:fb
c769    a9  40      LDA $aaaa	A:40 X:00 Y:00 P:24 SP:fb
c76b    d0  04      BNE $aaaa	A:40 X:00 Y:00 P:24 SP:fb
c771    ea          NOP $aaaa	A:40 X:00 Y:00 P:24 SP:fb
c772    a9  00      LDA $aaaa	A:40 X:00 Y:00 P:24 SP:fb
c774    d0  03      BNE $aaaa	A:00 X:00 Y:00 P:26 SP:fb
c776    4c  7d  c7  JMP $aaaa	A:00 X:00 Y:00 P:26 SP:fb
c77d    ea          NOP $aaaa	A:00 X:00 Y:00 P:26 SP:fb
c77e    a9  ff      LDA $aaaa	A:00 X:00 Y:00 P:26 SP:fb
c780    85  01      STA $aaaa	A:ff X:00 Y:00 P:a4 SP:fb
c782    24  01      BIT $aaaa	A:ff X:00 Y:00 P:a4 SP:fb
c784    70  04      BVS $aaaa	A:ff X:00 Y:00 P:e4 SP:fb
c78a    ea          NOP $aaaa	A:ff X:00 Y:00 P:e4 SP:fb
c78b    24  01      BIT $aaaa	A:ff X:00 Y:00 P:e4 SP:fb
c78d    50  03      BVC $aaaa	A:ff X:00 Y:00 P:e4 SP:fb
c78f    4c  96  c7  JMP $aaaa	A:ff X:00 Y:00 P:e4 SP:fb
c796    ea          NOP $aaaa	A:ff X:00 Y:00 P:e4 SP:fb
c797    a9  00      LDA $aaaa	A:ff X:00 Y:00 P:e4 SP:fb
c799    85  01      STA $aaaa	A:00 X:00 Y:00 P:66 SP:fb
c79b    24  01      BIT $aaaa	A:00 X:00 Y:00 P:66 SP:fb
c79d    50  04      BVC $aaaa	A:00 X:00 Y:00 P:26 SP:fb
c7a3    ea          NOP $aaaa	A:00 X:00 Y:00 P:26 SP:fb
c7a4    24  01      BIT $aaaa	A:00 X:00 Y:00 P:26 SP:fb
c7a6    70  03      BVS $aaaa	A:00 X:00 Y:00 P:26 SP:fb
c7a8    4c  af  c7  JMP $aaaa	A:00 X:00 Y:00 P:26 SP:fb
c7af    ea          NOP $aaaa	A:00 X:00 Y:00 P:26 SP:fb
c7b0    a9  00      LDA $aaaa	A:00 X:00 Y:00 P:26 SP:fb
c7b2    10  04      BPL $aaaa	A:00 X:00 Y:00 P:26 SP:fb
c7b8    ea          NOP $aaaa	A:00 X:00 Y:00 P:26 SP:fb
c7b9    a9  80      LDA $aaaa	A:00 X:00 Y:00 P:26 SP:fb
c7bb    10  03      BPL $aaaa	A:80 X:00 Y:00 P:a4 SP:fb
c7bd    4c  d9  c7  JMP $aaaa	A:80 X:00 Y:00 P:a4 SP:fb
c7d9    ea          NOP $aaaa	A:80 X:00 Y:00 P:a4 SP:fb
c7da    60          RTS $aaaa	A:80 X:00 Y:00 P:a4 SP:fb
c600    20  db  c7  JSR $aaaa	A:80 X:00 Y:00 P:a4 SP:fd
c7db    ea          NOP $aaaa	A:80 X:00 Y:00 P:a4 SP:fb
c7dc    a9  ff      LDA $aaaa	A:80 X:00 Y:00 P:a4 SP:fb
c7de    85  01      STA $aaaa	A:ff X:00 Y:00 P:a4 SP:fb
c7e0    24  01      BIT $aaaa	A:ff X:00 Y:00 P:a4 SP:fb
c7e2    a9  00      LDA $aaaa	A:ff X:00 Y:00 P:e4 SP:fb
c7e4    38          SEC $aaaa	A:00 X:00 Y:00 P:66 SP:fb
c7e5    78          SEI $aaaa	A:00 X:00 Y:00 P:67 SP:fb
c7e6    f8          SED $aaaa	A:00 X:00 Y:00 P:67 SP:fb
c7e7    08          PHP $aaaa	A:00 X:00 Y:00 P:6f SP:fb
c7e8    68          PLA $aaaa	A:00 X:00 Y:00 P:6f SP:fa
c7e9    29  ef      AND $aaaa	A:6f X:00 Y:00 P:6d SP:fb
c7eb    c9  6f      CMP $aaaa	A:6f X:00 Y:00 P:6d SP:fb
c7ed    f0  04      BEQ $aaaa	A:6f X:00 Y:00 P:6f SP:fb
c7f3    ea          NOP $aaaa	A:6f X:00 Y:00 P:6f SP:fb
c7f4    a9  40      LDA $aaaa	A:6f X:00 Y:00 P:6f SP:fb
c7f6    85  01      STA $aaaa	A:40 X:00 Y:00 P:6d SP:fb
c7f8    24  01      BIT $aaaa	A:40 X:00 Y:00 P:6d SP:fb
c7fa    d8          CLD $aaaa	A:40 X:00 Y:00 P:6d SP:fb
c7fb    a9  10      LDA $aaaa	A:40 X:00 Y:00 P:65 SP:fb
c7fd    18          CLC $aaaa	A:10 X:00 Y:00 P:65 SP:fb
c7fe    08          PHP $aaaa	A:10 X:00 Y:00 P:64 SP:fb
c7ff    68          PLA $aaaa	A:10 X:00 Y:00 P:64 SP:fa
c800    29  ef      AND $aaaa	A:64 X:00 Y:00 P:64 SP:fb
c802    c9  64      CMP $aaaa	A:64 X:00 Y:00 P:64 SP:fb
c804    f0  04      BEQ $aaaa	A:64 X:00 Y:00 P:67 SP:fb
c80a    ea          NOP $aaaa	A:64 X:00 Y:00 P:67 SP:fb
c80b    a9  80      LDA $aaaa	A:64 X:00 Y:00 P:67 SP:fb
c80d    85  01      STA $aaaa	A:80 X:00 Y:00 P:e5 SP:fb
c80f    24  01      BIT $aaaa	A:80 X:00 Y:00 P:e5 SP:fb
c811    f8          SED $aaaa	A:80 X:00 Y:00 P:a5 SP:fb
c812    a9  00      LDA $aaaa	A:80 X:00 Y:00 P:ad SP:fb
c814    38          SEC $aaaa	A:00 X:00 Y:00 P:2f SP:fb
c815    08          PHP $aaaa	A:00 X:00 Y:00 P:2f SP:fb
c816    68          PLA $aaaa	A:00 X:00 Y:00 P:2f SP:fa
c817    29  ef      AND $aaaa	A:2f X:00 Y:00 P:2d SP:fb
c819    c9  2f      CMP $aaaa	A:2f X:00 Y:00 P:2d SP:fb
c81b    f0  04      BEQ $aaaa	A:2f X:00 Y:00 P:2f SP:fb
c821    ea          NOP $aaaa	A:2f X:00 Y:00 P:2f SP:fb
c822    a9  ff      LDA $aaaa	A:2f X:00 Y:00 P:2f SP:fb
c824    48          PHA $aaaa	A:ff X:00 Y:00 P:ad SP:fb
c825    28          PLP $aaaa	A:ff X:00 Y:00 P:ad SP:fa
c826    d0  09      BNE $aaaa	A:ff X:00 Y:00 P:ff SP:fb
c828    10  07      BPL $aaaa	A:ff X:00 Y:00 P:ff SP:fb
c82a    50  05      BVC $aaaa	A:ff X:00 Y:00 P:ff SP:fb
c82c    90  03      BCC $aaaa	A:ff X:00 Y:00 P:ff SP:fb
c82e    4c  35  c8  JMP $aaaa	A:ff X:00 Y:00 P:ff SP:fb
c835    ea          NOP $aaaa	A:ff X:00 Y:00 P:ff SP:fb
c836    a9  04      LDA $aaaa	A:ff X:00 Y:00 P:ff SP:fb
c838    48          PHA $aaaa	A:04 X:00 Y:00 P:7d SP:fb
c839    28          PLP $aaaa	A:04 X:00 Y:00 P:7d SP:fa
c83a    f0  09      BEQ $aaaa	A:04 X:00 Y:00 P:24 SP:fb
c83c    30  07      BMI $aaaa	A:04 X:00 Y:00 P:24 SP:fb
c83e    70  05      BVS $aaaa	A:04 X:00 Y:00 P:24 SP:fb
c840    b0  03      BCS $aaaa	A:04 X:00 Y:00 P:24 SP:fb
c842    4c  49  c8  JMP $aaaa	A:04 X:00 Y:00 P:24 SP:fb
c849    ea          NOP $aaaa	A:04 X:00 Y:00 P:24 SP:fb
c84a    f8          SED $aaaa	A:04 X:00 Y:00 P:24 SP:fb
c84b    a9  ff      LDA $aaaa	A:04 X:00 Y:00 P:2c SP:fb
c84d    85  01      STA $aaaa	A:ff X:00 Y:00 P:ac SP:fb
c84f    24  01      BIT $aaaa	A:ff X:00 Y:00 P:ac SP:fb
c851    18          CLC $aaaa	A:ff X:00 Y:00 P:ec SP:fb
c852    a9  00      LDA $aaaa	A:ff X:00 Y:00 P:ec SP:fb
c854    48          PHA $aaaa	A:00 X:00 Y:00 P:6e SP:fb
c855    a9  ff      LDA $aaaa	A:00 X:00 Y:00 P:6e SP:fa
c857    68          PLA $aaaa	A:ff X:00 Y:00 P:ec SP:fa
c858    d0  09      BNE $aaaa	A:00 X:00 Y:00 P:6e SP:fb
c85a    30  07      BMI $aaaa	A:00 X:00 Y:00 P:6e SP:fb
c85c    50  05      BVC $aaaa	A:00 X:00 Y:00 P:6e SP:fb
c85e    b0  03      BCS $aaaa	A:00 X:00 Y:00 P:6e SP:fb
c860    4c  67  c8  JMP $aaaa	A:00 X:00 Y:00 P:6e SP:fb
c867    ea          NOP $aaaa	A:00 X:00 Y:00 P:6e SP:fb
c868    a9  00      LDA $aaaa	A:00 X:00 Y:00 P:6e SP:fb
c86a    85  01      STA $aaaa	A:00 X:00 Y:00 P:6e SP:fb
c86c    24  01      BIT $aaaa	A:00 X:00 Y:00 P:6e SP:fb
c86e    38          SEC $aaaa	A:00 X:00 Y:00 P:2e SP:fb
c86f    a9  ff      LDA $aaaa	A:00 X:00 Y:00 P:2f SP:fb
c871    48          PHA $aaaa	A:ff X:00 Y:00 P:ad SP:fb
c872    a9  00      LDA $aaaa	A:ff X:00 Y:00 P:ad SP:fa
c874    68          PLA $aaaa	A:00 X:00 Y:00 P:2f SP:fa
c875    f0  09      BEQ $aaaa	A:ff X:00 Y:00 P:ad SP:fb
c877    10  07      BPL $aaaa	A:ff X:00 Y:00 P:ad SP:fb
c879    70  05      BVS $aaaa	A:ff X:00 Y:00 P:ad SP:fb
c87b    90  03      BCC $aaaa	A:ff X:00 Y:00 P:ad SP:fb
c87d    4c  84  c8  JMP $aaaa	A:ff X:00 Y:00 P:ad SP:fb
c884    60          RTS $aaaa	A:ff X:00 Y:00 P:ad SP:fb
c603    20  85  c8  JSR $aaaa	A:ff X:00 Y:00 P:ad SP:fd
c885    ea          NOP $aaaa	A:ff X:00 Y:00 P:ad SP:fb
c886    18          CLC $aaaa	A:ff X:00 Y:00 P:ad SP:fb
c887    a9  ff      LDA $aaaa	A:ff X:00 Y:00 P:ac SP:fb
c889    85  01      STA $aaaa	A:ff X:00 Y:00 P:ac SP:fb
c88b    24  01      BIT $aaaa	A:ff X:00 Y:00 P:ac SP:fb
c88d    a9  55      LDA $aaaa	A:ff X:00 Y:00 P:ec SP:fb
c88f    09  aa      ORA $aaaa	A:55 X:00 Y:00 P:6c SP:fb
c891    b0  0b      BCS $aaaa	A:ff X:00 Y:00 P:ec SP:fb
c893    10  09      BPL $aaaa	A:ff X:00 Y:00 P:ec SP:fb
c895    c9  ff      CMP $aaaa	A:ff X:00 Y:00 P:ec SP:fb
c897    d0  05      BNE $aaaa	A:ff X:00 Y:00 P:6f SP:fb
c899    50  03      BVC $aaaa	A:ff X:00 Y:00 P:6f SP:fb
c89b    4c  a2  c8  JMP $aaaa	A:ff X:00 Y:00 P:6f SP:fb
c8a2    ea          NOP $aaaa	A:ff X:00 Y:00 P:6f SP:fb
c8a3    38          SEC $aaaa	A:ff X:00 Y:00 P:6f SP:fb
c8a4    b8          CLV $aaaa	A:ff X:00 Y:00 P:6f SP:fb
c8a5    a9  00      LDA $aaaa	A:ff X:00 Y:00 P:2f SP:fb
c8a7    09  00      ORA $aaaa	A:00 X:00 Y:00 P:2f SP:fb
c8a9    d0  09      BNE $aaaa	A:00 X:00 Y:00 P:2f SP:fb
c8ab    70  07      BVS $aaaa	A:00 X:00 Y:00 P:2f SP:fb
c8ad    90  05      BCC $aaaa	A:00 X:00 Y:00 P:2f SP:fb
c8af    30  03      BMI $aaaa	A:00 X:00 Y:00 P:2f SP:fb
c8b1    4c  b8  c8  JMP $aaaa	A:00 X:00 Y:00 P:2f SP:fb
c8b8    ea          NOP $aaaa	A:00 X:00 Y:00 P:2f SP:fb
c8b9    18          CLC $aaaa	A:00 X:00 Y:00 P:2f SP:fb
c8ba    24  01      BIT $aaaa	A:00 X:00 Y:00 P:2e SP:fb
c8bc    a9  55      LDA $aaaa	A:00 X:00 Y:00 P:ee SP:fb
c8be    29  aa      AND $aaaa	A:55 X:00 Y:00 P:6c SP:fb
c8c0    d0  09      BNE $aaaa	A:00 X:00 Y:00 P:6e SP:fb
c8c2    50  07      BVC $aaaa	A:00 X:00 Y:00 P:6e SP:fb
c8c4    b0  05      BCS $aaaa	A:00 X:00 Y:00 P:6e SP:fb
c8c6    30  03      BMI $aaaa	A:00 X:00 Y:00 P:6e SP:fb
c8c8    4c  cf  c8  JMP $aaaa	A:00 X:00 Y:00 P:6e SP:fb
c8cf    ea          NOP $aaaa	A:00 X:00 Y:00 P:6e SP:fb
c8d0    38          SEC $aaaa	A:00 X:00 Y:00 P:6e SP:fb
c8d1    b8          CLV $aaaa	A:00 X:00 Y:00 P:6f SP:fb
c8d2    a9  f8      LDA $aaaa	A:00 X:00 Y:00 P:2f SP:fb
c8d4    29  ef      AND $aaaa	A:f8 X:00 Y:00 P:ad SP:fb
c8d6    90  0b      BCC $aaaa	A:e8 X:00 Y:00 P:ad SP:fb
c8d8    10  09      BPL $aaaa	A:e8 X:00 Y:00 P:ad SP:fb
c8da    c9  e8      CMP $aaaa	A:e8 X:00 Y:00 P:ad SP:fb
c8dc    d0  05      BNE $aaaa	A:e8 X:00 Y:00 P:2f SP:fb
c8de    70  03      BVS $aaaa	A:e8 X:00 Y:00 P:2f SP:fb
c8e0    4c  e7  c8  JMP $aaaa	A:e8 X:00 Y:00 P:2f SP:fb
c8e7    ea          NOP $aaaa	A:e8 X:00 Y:00 P:2f SP:fb
c8e8    18          CLC $aaaa	A:e8 X:00 Y:00 P:2f SP:fb
c8e9    24  01      BIT $aaaa	A:e8 X:00 Y:00 P:2e SP:fb
c8eb    a9  5f      LDA $aaaa	A:e8 X:00 Y:00 P:ec SP:fb
c8ed    49  aa      EOR $aaaa	A:5f X:00 Y:00 P:6c SP:fb
c8ef    b0  0b      BCS $aaaa	A:f5 X:00 Y:00 P:ec SP:fb
c8f1    10  09      BPL $aaaa	A:f5 X:00 Y:00 P:ec SP:fb
c8f3    c9  f5      CMP $aaaa	A:f5 X:00 Y:00 P:ec SP:fb
c8f5    d0  05      BNE $aaaa	A:f5 X:00 Y:00 P:6f SP:fb
c8f7    50  03      BVC $aaaa	A:f5 X:00 Y:00 P:6f SP:fb
c8f9    4c  00  c9  JMP $aaaa	A:f5 X:00 Y:00 P:6f SP:fb
c900    ea          NOP $aaaa	A:f5 X:00 Y:00 P:6f SP:fb
c901    38          SEC $aaaa	A:f5 X:00 Y:00 P:6f SP:fb
c902    b8          CLV $aaaa	A:f5 X:00 Y:00 P:6f SP:fb
c903    a9  70      LDA $aaaa	A:f5 X:00 Y:00 P:2f SP:fb
c905    49  70      EOR $aaaa	A:70 X:00 Y:00 P:2d SP:fb
c907    d0  09      BNE $aaaa	A:00 X:00 Y:00 P:2f SP:fb
c909    70  07      BVS $aaaa	A:00 X:00 Y:00 P:2f SP:fb
c90b    90  05      BCC $aaaa	A:00 X:00 Y:00 P:2f SP:fb
c90d    30  03      BMI $aaaa	A:00 X:00 Y:00 P:2f SP:fb
c90f    4c  16  c9  JMP $aaaa	A:00 X:00 Y:00 P:2f SP:fb
c916    ea          NOP $aaaa	A:00 X:00 Y:00 P:2f SP:fb
c917    18          CLC $aaaa	A:00 X:00 Y:00 P:2f SP:fb
c918    24  01      BIT $aaaa	A:00 X:00 Y:00 P:2e SP:fb
c91a    a9  00      LDA $aaaa	A:00 X:00 Y:00 P:ee SP:fb
c91c    69  69      ADC $aaaa	A:00 X:00 Y:00 P:6e SP:fb
c91e    30  0b      BMI $aaaa	A:69 X:00 Y:00 P:2c SP:fb
c920    b0  09      BCS $aaaa	A:69 X:00 Y:00 P:2c SP:fb
c922    c9  69      CMP $aaaa	A:69 X:00 Y:00 P:2c SP:fb
c924    d0  05      BNE $aaaa	A:69 X:00 Y:00 P:2f SP:fb
c926    70  03      BVS $aaaa	A:69 X:00 Y:00 P:2f SP:fb
c928    4c  2f  c9  JMP $aaaa	A:69 X:00 Y:00 P:2f SP:fb
c92f    ea          NOP $aaaa	A:69 X:00 Y:00 P:2f SP:fb
c930    38          SEC $aaaa	A:69 X:00 Y:00 P:2f SP:fb
c931    f8          SED $aaaa	A:69 X:00 Y:00 P:2f SP:fb
c932    24  01      BIT $aaaa	A:69 X:00 Y:00 P:2f SP:fb
c934    a9  01      LDA $aaaa	A:69 X:00 Y:00 P:ed SP:fb
c936    69  69      ADC $aaaa	A:01 X:00 Y:00 P:6d SP:fb
c938    30  0b      BMI $aaaa	A:6b X:00 Y:00 P:2c SP:fb
c93a    b0  09      BCS $aaaa	A:6b X:00 Y:00 P:2c SP:fb
c93c    c9  6b      CMP $aaaa	A:6b X:00 Y:00 P:2c SP:fb
c93e    d0  05      BNE $aaaa	A:6b X:00 Y:00 P:2f SP:fb
c940    70  03      BVS $aaaa	A:6b X:00 Y:00 P:2f SP:fb
c942    4c  49  c9  JMP $aaaa	A:6b X:00 Y:00 P:2f SP:fb
c949    ea          NOP $aaaa	A:6b X:00 Y:00 P:2f SP:fb
c94a    d8          CLD $aaaa	A:6b X:00 Y:00 P:2f SP:fb
c94b    38          SEC $aaaa	A:6b X:00 Y:00 P:27 SP:fb
c94c    b8          CLV $aaaa	A:6b X:00 Y:00 P:27 SP:fb
c94d    a9  7f      LDA $aaaa	A:6b X:00 Y:00 P:27 SP:fb
c94f    69  7f      ADC $aaaa	A:7f X:00 Y:00 P:25 SP:fb
c951    10  0b      BPL $aaaa	A:ff X:00 Y:00 P:e4 SP:fb
c953    b0  09      BCS $aaaa	A:ff X:00 Y:00 P:e4 SP:fb
c955    c9  ff      CMP $aaaa	A:ff X:00 Y:00 P:e4 SP:fb
c957    d0  05      BNE $aaaa	A:ff X:00 Y:00 P:67 SP:fb
c959    50  03      BVC $aaaa	A:ff X:00 Y:00 P:67 SP:fb
c95b    4c  62  c9  JMP $aaaa	A:ff X:00 Y:00 P:67 SP:fb
c962    ea          NOP $aaaa	A:ff X:00 Y:00 P:67 SP:fb
c963    18          CLC $aaaa	A:ff X:00 Y:00 P:67 SP:fb
c964    24  01      BIT $aaaa	A:ff X:00 Y:00 P:66 SP:fb
c966    a9  7f      LDA $aaaa	A:ff X:00 Y:00 P:e4 SP:fb
c968    69  80      ADC $aaaa	A:7f X:00 Y:00 P:64 SP:fb
c96a    10  0b      BPL $aaaa	A:ff X:00 Y:00 P:a4 SP:fb
c96c    b0  09      BCS $aaaa	A:ff X:00 Y:00 P:a4 SP:fb
c96e    c9  ff      CMP $aaaa	A:ff X:00 Y:00 P:a4 SP:fb
c970    d0  05      BNE $aaaa	A:ff X:00 Y:00 P:27 SP:fb
c972    70  03      BVS $aaaa	A:ff X:00 Y:00 P:27 SP:fb
c974    4c  7b  c9  JMP $aaaa	A:ff X:00 Y:00 P:27 SP:fb
c97b    ea          NOP $aaaa	A:ff X:00 Y:00 P:27 SP:fb
c97c    38          SEC $aaaa	A:ff X:00 Y:00 P:27 SP:fb
c97d    b8          CLV $aaaa	A:ff X:00 Y:00 P:27 SP:fb
c97e    a9  7f      LDA $aaaa	A:ff X:00 Y:00 P:27 SP:fb
c980    69  80      ADC $aaaa	A:7f X:00 Y:00 P:25 SP:fb
c982    d0  09      BNE $aaaa	A:00 X:00 Y:00 P:27 SP:fb
c984    30  07      BMI $aaaa	A:00 X:00 Y:00 P:27 SP:fb
c986    70  05      BVS $aaaa	A:00 X:00 Y:00 P:27 SP:fb
c988    90  03      BCC $aaaa	A:00 X:00 Y:00 P:27 SP:fb
c98a    4c  91  c9  JMP $aaaa	A:00 X:00 Y:00 P:27 SP:fb
c991    ea          NOP $aaaa	A:00 X:00 Y:00 P:27 SP:fb
c992    38          SEC $aaaa	A:00 X:00 Y:00 P:27 SP:fb
c993    b8          CLV $aaaa	A:00 X:00 Y:00 P:27 SP:fb
c994    a9  9f      LDA $aaaa	A:00 X:00 Y:00 P:27 SP:fb
c996    f0  09      BEQ $aaaa	A:9f X:00 Y:00 P:a5 SP:fb
c998    10  07      BPL $aaaa	A:9f X:00 Y:00 P:a5 SP:fb
c99a    70  05      BVS $aaaa	A:9f X:00 Y:00 P:a5 SP:fb
c99c    90  03      BCC $aaaa	A:9f X:00 Y:00 P:a5 SP:fb
c99e    4c  a5  c9  JMP $aaaa	A:9f X:00 Y:00 P:a5 SP:fb
c9a5    ea          NOP $aaaa	A:9f X:00 Y:00 P:a5 SP:fb
c9a6    18          CLC $aaaa	A:9f X:00 Y:00 P:a5 SP:fb
c9a7    24  01      BIT $aaaa	A:9f X:00 Y:00 P:a4 SP:fb
c9a9    a9  00      LDA $aaaa	A:9f X:00 Y:00 P:e4 SP:fb
c9ab    d0  09      BNE $aaaa	A:00 X:00 Y:00 P:66 SP:fb
c9ad    30  07      BMI $aaaa	A:00 X:00 Y:00 P:66 SP:fb
c9af    50  05      BVC $aaaa	A:00 X:00 Y:00 P:66 SP:fb
c9b1    b0  03      BCS $aaaa	A:00 X:00 Y:00 P:66 SP:fb
c9b3    4c  ba  c9  JMP $aaaa	A:00 X:00 Y:00 P:66 SP:fb
c9ba    ea          NOP $aaaa	A:00 X:00 Y:00 P:66 SP:fb
c9bb    24  01      BIT $aaaa	A:00 X:00 Y:00 P:66 SP:fb
c9bd    a9  40      LDA $aaaa	A:00 X:00 Y:00 P:e6 SP:fb
c9bf    c9  40      CMP $aaaa	A:40 X:00 Y:00 P:64 SP:fb
c9c1    30  09      BMI $aaaa	A:40 X:00 Y:00 P:67 SP:fb
c9c3    90  07      BCC $aaaa	A:40 X:00 Y:00 P:67 SP:fb
c9c5    d0  05      BNE $aaaa	A:40 X:00 Y:00 P:67 SP:fb
c9c7    50  03      BVC $aaaa	A:40 X:00 Y:00 P:67 SP:fb
c9c9    4c  d0  c9  JMP $aaaa	A:40 X:00 Y:00 P:67 SP:fb
c9d0    ea          NOP $aaaa	A:40 X:00 Y:00 P:67 SP:fb
c9d1    b8          CLV $aaaa	A:40 X:00 Y:00 P:67 SP:fb
c9d2    c9  3f      CMP $aaaa	A:40 X:00 Y:00 P:27 SP:fb
c9d4    f0  09      BEQ $aaaa	A:40 X:00 Y:00 P:25 SP:fb
c9d6    30  07      BMI $aaaa	A:40 X:00 Y:00 P:25 SP:fb
c9d8    90  05      BCC $aaaa	A:40 X:00 Y:00 P:25 SP:fb
c9da    70  03      BVS $aaaa	A:40 X:00 Y:00 P:25 SP:fb
c9dc    4c  e3  c9  JMP $aaaa	A:40 X:00 Y:00 P:25 SP:fb
c9e3    ea          NOP $aaaa	A:40 X:00 Y:00 P:25 SP:fb
c9e4    c9  41      CMP $aaaa	A:40 X:00 Y:00 P:25 SP:fb
c9e6    f0  07      BEQ $aaaa	A:40 X:00 Y:00 P:a4 SP:fb
c9e8    10  05      BPL $aaaa	A:40 X:00 Y:00 P:a4 SP:fb
c9ea    10  03      BPL $aaaa	A:40 X:00 Y:00 P:a4 SP:fb
c9ec    4c  f3  c9  JMP $aaaa	A:40 X:00 Y:00 P:a4 SP:fb
c9f3    ea          NOP $aaaa	A:40 X:00 Y:00 P:a4 SP:fb
c9f4    a9  80      LDA $aaaa	A:40 X:00 Y:00 P:a4 SP:fb
c9f6    c9  00      CMP $aaaa	A:80 X:00 Y:00 P:a4 SP:fb
c9f8    f0  07      BEQ $aaaa	A:80 X:00 Y:00 P:25 SP:fb
c9fa    10  05      BPL $aaaa	A:80 X:00 Y:00 P:25 SP:fb
ca01    a2  27      LDX $aaaa	A:80 X:00 Y:00 P:25 SP:fb
ca03    86  00      STX $aaaa	A:80 X:27 Y:00 P:25 SP:fb
ca05    ea          NOP $aaaa	A:80 X:27 Y:00 P:25 SP:fb
ca06    c9  80      CMP $aaaa	A:80 X:27 Y:00 P:25 SP:fb
ca08    d0  07      BNE $aaaa	A:80 X:27 Y:00 P:27 SP:fb
ca0a    30  05      BMI $aaaa	A:80 X:27 Y:00 P:27 SP:fb
ca0c    90  03      BCC $aaaa	A:80 X:27 Y:00 P:27 SP:fb
ca0e    4c  15  ca  JMP $aaaa	A:80 X:27 Y:00 P:27 SP:fb
ca15    ea          NOP $aaaa	A:80 X:27 Y:00 P:27 SP:fb
ca16    c9  81      CMP $aaaa	A:80 X:27 Y:00 P:27 SP:fb
ca18    b0  07      BCS $aaaa	A:80 X:27 Y:00 P:a4 SP:fb
ca1a    f0  05      BEQ $aaaa	A:80 X:27 Y:00 P:a4 SP:fb
ca1c    10  03      BPL $aaaa	A:80 X:27 Y:00 P:a4 SP:fb
ca1e    4c  25  ca  JMP $aaaa	A:80 X:27 Y:00 P:a4 SP:fb
ca25    ea          NOP $aaaa	A:80 X:27 Y:00 P:a4 SP:fb
ca26    c9  7f      CMP $aaaa	A:80 X:27 Y:00 P:a4 SP:fb
ca28    90  07      BCC $aaaa	A:80 X:27 Y:00 P:25 SP:fb
ca2a    f0  05      BEQ $aaaa	A:80 X:27 Y:00 P:25 SP:fb
ca2c    30  03      BMI $aaaa	A:80 X:27 Y:00 P:25 SP:fb
ca2e    4c  35  ca  JMP $aaaa	A:80 X:27 Y:00 P:25 SP:fb
ca35    ea          NOP $aaaa	A:80 X:27 Y:00 P:25 SP:fb
ca36    24  01      BIT $aaaa	A:80 X:27 Y:00 P:25 SP:fb
ca38    a0  40      LDY $aaaa	A:80 X:27 Y:00 P:e5 SP:fb
ca3a    c0  40      CPY $aaaa	A:80 X:27 Y:40 P:65 SP:fb
ca3c    d0  09      BNE $aaaa	A:80 X:27 Y:40 P:67 SP:fb
ca3e    30  07      BMI $aaaa	A:80 X:27 Y:40 P:67 SP:fb
ca40    90  05      BCC $aaaa	A:80 X:27 Y:40 P:67 SP:fb
ca42    50  03      BVC $aaaa	A:80 X:27 Y:40 P:67 SP:fb
ca44    4c  4b  ca  JMP $aaaa	A:80 X:27 Y:40 P:67 SP:fb
ca4b    ea          NOP $aaaa	A:80 X:27 Y:40 P:67 SP:fb
ca4c    b8          CLV $aaaa	A:80 X:27 Y:40 P:67 SP:fb
ca4d    c0  3f      CPY $aaaa	A:80 X:27 Y:40 P:27 SP:fb
ca4f    f0  09      BEQ $aaaa	A:80 X:27 Y:40 P:25 SP:fb
ca51    30  07      BMI $aaaa	A:80 X:27 Y:40 P:25 SP:fb
ca53    90  05      BCC $aaaa	A:80 X:27 Y:40 P:25 SP:fb
ca55    70  03      BVS $aaaa	A:80 X:27 Y:40 P:25 SP:fb
ca57    4c  5e  ca  JMP $aaaa	A:80 X:27 Y:40 P:25 SP:fb
ca5e    ea          NOP $aaaa	A:80 X:27 Y:40 P:25 SP:fb
ca5f    c0  41      CPY $aaaa	A:80 X:27 Y:40 P:25 SP:fb
ca61    f0  07      BEQ $aaaa	A:80 X:27 Y:40 P:a4 SP:fb
ca63    10  05      BPL $aaaa	A:80 X:27 Y:40 P:a4 SP:fb
ca65    10  03      BPL $aaaa	A:80 X:27 Y:40 P:a4 SP:fb
ca67    4c  6e  ca  JMP $aaaa	A:80 X:27 Y:40 P:a4 SP:fb
ca6e    ea          NOP $aaaa	A:80 X:27 Y:40 P:a4 SP:fb
ca6f    a0  80      LDY $aaaa	A:80 X:27 Y:40 P:a4 SP:fb
ca71    c0  00      CPY $aaaa	A:80 X:27 Y:80 P:a4 SP:fb
ca73    f0  07      BEQ $aaaa	A:80 X:27 Y:80 P:25 SP:fb
ca75    10  05      BPL $aaaa	A:80 X:27 Y:80 P:25 SP:fb
ca7c    a2  2e      LDX $aaaa	A:80 X:27 Y:80 P:25 SP:fb
ca7e    86  00      STX $aaaa	A:80 X:2e Y:80 P:25 SP:fb
ca80    ea          NOP $aaaa	A:80 X:2e Y:80 P:25 SP:fb
ca81    c0  80      CPY $aaaa	A:80 X:2e Y:80 P:25 SP:fb
ca83    d0  07      BNE $aaaa	A:80 X:2e Y:80 P:27 SP:fb
ca85    30  05      BMI $aaaa	A:80 X:2e Y:80 P:27 SP:fb
ca87    90  03      BCC $aaaa	A:80 X:2e Y:80 P:27 SP:fb
ca89    4c  90  ca  JMP $aaaa	A:80 X:2e Y:80 P:27 SP:fb
ca90    ea          NOP $aaaa	A:80 X:2e Y:80 P:27 SP:fb
ca91    c0  81      CPY $aaaa	A:80 X:2e Y:80 P:27 SP:fb
ca93    b0  07      BCS $aaaa	A:80 X:2e Y:80 P:a4 SP:fb
ca95    f0  05      BEQ $aaaa	A:80 X:2e Y:80 P:a4 SP:fb
ca97    10  03      BPL $aaaa	A:80 X:2e Y:80 P:a4 SP:fb
ca99    4c  a0  ca  JMP $aaaa	A:80 X:2e Y:80 P:a4 SP:fb
caa0    ea          NOP $aaaa	A:80 X:2e Y:80 P:a4 SP:fb
caa1    c0  7f      CPY $aaaa	A:80 X:2e Y:80 P:a4 SP:fb
caa3    90  07      BCC $aaaa	A:80 X:2e Y:80 P:25 SP:fb
caa5    f0  05      BEQ $aaaa	A:80 X:2e Y:80 P:25 SP:fb
caa7    30  03      BMI $aaaa	A:80 X:2e Y:80 P:25 SP:fb
caa9    4c  b0  ca  JMP $aaaa	A:80 X:2e Y:80 P:25 SP:fb
cab0    ea          NOP $aaaa	A:80 X:2e Y:80 P:25 SP:fb
cab1    24  01      BIT $aaaa	A:80 X:2e Y:80 P:25 SP:fb
cab3    a2  40      LDX $aaaa	A:80 X:2e Y:80 P:e5 SP:fb
cab5    e0  40      CPX $aaaa	A:80 X:40 Y:80 P:65 SP:fb
cab7    d0  09      BNE $aaaa	A:80 X:40 Y:80 P:67 SP:fb
cab9    30  07      BMI $aaaa	A:80 X:40 Y:80 P:67 SP:fb
cabb    90  05      BCC $aaaa	A:80 X:40 Y:80 P:67 SP:fb
cabd    50  03      BVC $aaaa	A:80 X:40 Y:80 P:67 SP:fb
cabf    4c  c6  ca  JMP $aaaa	A:80 X:40 Y:80 P:67 SP:fb
cac6    ea          NOP $aaaa	A:80 X:40 Y:80 P:67 SP:fb
cac7    b8          CLV $aaaa	A:80 X:40 Y:80 P:67 SP:fb
cac8    e0  3f      CPX $aaaa	A:80 X:40 Y:80 P:27 SP:fb
caca    f0  09      BEQ $aaaa	A:80 X:40 Y:80 P:25 SP:fb
cacc    30  07      BMI $aaaa	A:80 X:40 Y:80 P:25 SP:fb
cace    90  05      BCC $aaaa	A:80 X:40 Y:80 P:25 SP:fb
cad0    70  03      BVS $aaaa	A:80 X:40 Y:80 P:25 SP:fb
cad2    4c  d9  ca  JMP $aaaa	A:80 X:40 Y:80 P:25 SP:fb
cad9    ea          NOP $aaaa	A:80 X:40 Y:80 P:25 SP:fb
cada    e0  41      CPX $aaaa	A:80 X:40 Y:80 P:25 SP:fb
cadc    f0  07      BEQ $aaaa	A:80 X:40 Y:80 P:a4 SP:fb
cade    10  05      BPL $aaaa	A:80 X:40 Y:80 P:a4 SP:fb
cae0    10  03      BPL $aaaa	A:80 X:40 Y:80 P:a4 SP:fb
cae2    4c  e9  ca  JMP $aaaa	A:80 X:40 Y:80 P:a4 SP:fb
cae9    ea          NOP $aaaa	A:80 X:40 Y:80 P:a4 SP:fb
caea    a2  80      LDX $aaaa	A:80 X:40 Y:80 P:a4 SP:fb
caec    e0  00      CPX $aaaa	A:80 X:80 Y:80 P:a4 SP:fb
caee    f0  07      BEQ $aaaa	A:80 X:80 Y:80 P:25 SP:fb
caf0    10  05      BPL $aaaa	A:80 X:80 Y:80 P:25 SP:fb
caf7    a9  35      LDA $aaaa	A:80 X:80 Y:80 P:25 SP:fb
caf9    85  00      STA $aaaa	A:35 X:80 Y:80 P:25 SP:fb
cafb    ea          NOP $aaaa	A:35 X:80 Y:80 P:25 SP:fb
cafc    e0  80      CPX $aaaa	A:35 X:80 Y:80 P:25 SP:fb
cafe    d0  07      BNE $aaaa	A:35 X:80 Y:80 P:27 SP:fb
cb00    30  05      BMI $aaaa	A:35 X:80 Y:80 P:27 SP:fb
cb02    90  03      BCC $aaaa	A:35 X:80 Y:80 P:27 SP:fb
cb04    4c  0b  cb  JMP $aaaa	A:35 X:80 Y:80 P:27 SP:fb
cb0b    ea          NOP $aaaa	A:35 X:80 Y:80 P:27 SP:fb
cb0c    e0  81      CPX $aaaa	A:35 X:80 Y:80 P:27 SP:fb
cb0e    b0  07      BCS $aaaa	A:35 X:80 Y:80 P:a4 SP:fb
cb10    f0  05      BEQ $aaaa	A:35 X:80 Y:80 P:a4 SP:fb
cb12    10  03      BPL $aaaa	A:35 X:80 Y:80 P:a4 SP:fb
cb14    4c  1b  cb  JMP $aaaa	A:35 X:80 Y:80 P:a4 SP:fb
cb1b    ea          NOP $aaaa	A:35 X:80 Y:80 P:a4 SP:fb
cb1c    e0  7f      CPX $aaaa	A:35 X:80 Y:80 P:a4 SP:fb
cb1e    90  07      BCC $aaaa	A:35 X:80 Y:80 P:25 SP:fb
cb20    f0  05      BEQ $aaaa	A:35 X:80 Y:80 P:25 SP:fb
cb22    30  03      BMI $aaaa	A:35 X:80 Y:80 P:25 SP:fb
cb24    4c  2b  cb  JMP $aaaa	A:35 X:80 Y:80 P:25 SP:fb
cb2b    ea          NOP $aaaa	A:35 X:80 Y:80 P:25 SP:fb
cb2c    38          SEC $aaaa	A:35 X:80 Y:80 P:25 SP:fb
cb2d    b8          CLV $aaaa	A:35 X:80 Y:80 P:25 SP:fb
cb2e    a2  9f      LDX $aaaa	A:35 X:80 Y:80 P:25 SP:fb
cb30    f0  09      BEQ $aaaa	A:35 X:9f Y:80 P:a5 SP:fb
cb32    10  07      BPL $aaaa	A:35 X:9f Y:80 P:a5 SP:fb
cb34    70  05      BVS $aaaa	A:35 X:9f Y:80 P:a5 SP:fb
cb36    90  03      BCC $aaaa	A:35 X:9f Y:80 P:a5 SP:fb
cb38    4c  3f  cb  JMP $aaaa	A:35 X:9f Y:80 P:a5 SP:fb
cb3f    ea          NOP $aaaa	A:35 X:9f Y:80 P:a5 SP:fb
cb40    18          CLC $aaaa	A:35 X:9f Y:80 P:a5 SP:fb
cb41    24  01      BIT $aaaa	A:35 X:9f Y:80 P:a4 SP:fb
cb43    a2  00      LDX $aaaa	A:35 X:9f Y:80 P:e4 SP:fb
cb45    d0  09      BNE $aaaa	A:35 X:00 Y:80 P:66 SP:fb
cb47    30  07      BMI $aaaa	A:35 X:00 Y:80 P:66 SP:fb
cb49    50  05      BVC $aaaa	A:35 X:00 Y:80 P:66 SP:fb
cb4b    b0  03      BCS $aaaa	A:35 X:00 Y:80 P:66 SP:fb
cb4d    4c  54  cb  JMP $aaaa	A:35 X:00 Y:80 P:66 SP:fb
cb54    ea          NOP $aaaa	A:35 X:00 Y:80 P:66 SP:fb
cb55    38          SEC $aaaa	A:35 X:00 Y:80 P:66 SP:fb
cb56    b8          CLV $aaaa	A:35 X:00 Y:80 P:67 SP:fb
cb57    a0  9f      LDY $aaaa	A:35 X:00 Y:80 P:27 SP:fb
cb59    f0  09      BEQ $aaaa	A:35 X:00 Y:9f P:a5 SP:fb
cb5b    10  07      BPL $aaaa	A:35 X:00 Y:9f P:a5 SP:fb
cb5d    70  05      BVS $aaaa	A:35 X:00 Y:9f P:a5 SP:fb
cb5f    90  03      BCC $aaaa	A:35 X:00 Y:9f P:a5 SP:fb
cb61    4c  68  cb  JMP $aaaa	A:35 X:00 Y:9f P:a5 SP:fb
cb68    ea          NOP $aaaa	A:35 X:00 Y:9f P:a5 SP:fb
cb69    18          CLC $aaaa	A:35 X:00 Y:9f P:a5 SP:fb
cb6a    24  01      BIT $aaaa	A:35 X:00 Y:9f P:a4 SP:fb
cb6c    a0  00      LDY $aaaa	A:35 X:00 Y:9f P:e4 SP:fb
cb6e    d0  09      BNE $aaaa	A:35 X:00 Y:00 P:66 SP:fb
cb70    30  07      BMI $aaaa	A:35 X:00 Y:00 P:66 SP:fb
cb72    50  05      BVC $aaaa	A:35 X:00 Y:00 P:66 SP:fb
cb74    b0  03      BCS $aaaa	A:35 X:00 Y:00 P:66 SP:fb
cb76    4c  7d  cb  JMP $aaaa	A:35 X:00 Y:00 P:66 SP:fb
cb7d    ea          NOP $aaaa	A:35 X:00 Y:00 P:66 SP:fb
cb7e    a9  55      LDA $aaaa	A:35 X:00 Y:00 P:66 SP:fb
cb80    a2  aa      LDX $aaaa	A:55 X:00 Y:00 P:64 SP:fb
cb82    a0  33      LDY $aaaa	A:55 X:aa Y:00 P:e4 SP:fb
cb84    c9  55      CMP $aaaa	A:55 X:aa Y:33 P:64 SP:fb
cb86    d0  23      BNE $aaaa	A:55 X:aa Y:33 P:67 SP:fb
cb88    e0  aa      CPX $aaaa	A:55 X:aa Y:33 P:67 SP:fb
cb8a    d0  1f      BNE $aaaa	A:55 X:aa Y:33 P:67 SP:fb
cb8c    c0  33      CPY $aaaa	A:55 X:aa Y:33 P:67 SP:fb
cb8e    d0  1b      BNE $aaaa	A:55 X:aa Y:33 P:67 SP:fb
cb90    c9  55      CMP $aaaa	A:55 X:aa Y:33 P:67 SP:fb
cb92    d0  17      BNE $aaaa	A:55 X:aa Y:33 P:67 SP:fb
cb94    e0  aa      CPX $aaaa	A:55 X:aa Y:33 P:67 SP:fb
cb96    d0  13      BNE $aaaa	A:55 X:aa Y:33 P:67 SP:fb
cb98    c0  33      CPY $aaaa	A:55 X:aa Y:33 P:67 SP:fb
cb9a    d0  0f      BNE $aaaa	A:55 X:aa Y:33 P:67 SP:fb
cb9c    c9  56      CMP $aaaa	A:55 X:aa Y:33 P:67 SP:fb
cb9e    f0  0b      BEQ $aaaa	A:55 X:aa Y:33 P:e4 SP:fb
cba0    e0  ab      CPX $aaaa	A:55 X:aa Y:33 P:e4 SP:fb
cba2    f0  07      BEQ $aaaa	A:55 X:aa Y:33 P:e4 SP:fb
cba4    c0  34      CPY $aaaa	A:55 X:aa Y:33 P:e4 SP:fb
cba6    f0  03      BEQ $aaaa	A:55 X:aa Y:33 P:e4 SP:fb
cba8    4c  af  cb  JMP $aaaa	A:55 X:aa Y:33 P:e4 SP:fb
cbaf    a0  71      LDY $aaaa	A:55 X:aa Y:33 P:e4 SP:fb
cbb1    20  31  f9  JSR $aaaa	A:55 X:aa Y:71 P:64 SP:fb
f931    24  01      BIT $aaaa	A:55 X:aa Y:71 P:64 SP:f9
f933    a9  40      LDA $aaaa	A:55 X:aa Y:71 P:e4 SP:f9
f935    38          SEC $aaaa	A:40 X:aa Y:71 P:64 SP:f9
f936    60          RTS $aaaa	A:40 X:aa Y:71 P:65 SP:f9
cbb4    e9  40      SBC $aaaa	A:40 X:aa Y:71 P:65 SP:fb
cbb6    20  37  f9  JSR $aaaa	A:00 X:aa Y:71 P:27 SP:fb
f937    30  0b      BMI $aaaa	A:00 X:aa Y:71 P:27 SP:f9
f939    90  09      BCC $aaaa	A:00 X:aa Y:71 P:27 SP:f9
f93b    d0  07      BNE $aaaa	A:00 X:aa Y:71 P:27 SP:f9
f93d    70  05      BVS $aaaa	A:00 X:aa Y:71 P:27 SP:f9
f93f    c9  00      CMP $aaaa	A:00 X:aa Y:71 P:27 SP:f9
f941    d0  01      BNE $aaaa	A:00 X:aa Y:71 P:27 SP:f9
f943    60          RTS $aaaa	A:00 X:aa Y:71 P:27 SP:f9
cbb9    c8          INY $aaaa	A:00 X:aa Y:71 P:27 SP:fb
cbba    20  47  f9  JSR $aaaa	A:00 X:aa Y:72 P:25 SP:fb
f947    b8          CLV $aaaa	A:00 X:aa Y:72 P:25 SP:f9
f948    38          SEC $aaaa	A:00 X:aa Y:72 P:25 SP:f9
f949    a9  40      LDA $aaaa	A:00 X:aa Y:72 P:25 SP:f9
f94b    60          RTS $aaaa	A:40 X:aa Y:72 P:25 SP:f9
cbbd    e9  3f      SBC $aaaa	A:40 X:aa Y:72 P:25 SP:fb
cbbf    20  4c  f9  JSR $aaaa	A:01 X:aa Y:72 P:25 SP:fb
f94c    f0  0b      BEQ $aaaa	A:01 X:aa Y:72 P:25 SP:f9
f94e    30  09      BMI $aaaa	A:01 X:aa Y:72 P:25 SP:f9
f950    90  07      BCC $aaaa	A:01 X:aa Y:72 P:25 SP:f9
f952    70  05      BVS $aaaa	A:01 X:aa Y:72 P:25 SP:f9
f954    c9  01      CMP $aaaa	A:01 X:aa Y:72 P:25 SP:f9
f956    d0  01      BNE $aaaa	A:01 X:aa Y:72 P:27 SP:f9
f958    60          RTS $aaaa	A:01 X:aa Y:72 P:27 SP:f9
cbc2    c8          INY $aaaa	A:01 X:aa Y:72 P:27 SP:fb
cbc3    20  5c  f9  JSR $aaaa	A:01 X:aa Y:73 P:25 SP:fb
f95c    a9  40      LDA $aaaa	A:01 X:aa Y:73 P:25 SP:f9
f95e    38          SEC $aaaa	A:40 X:aa Y:73 P:25 SP:f9
f95f    24  01      BIT $aaaa	A:40 X:aa Y:73 P:25 SP:f9
f961    60          RTS $aaaa	A:40 X:aa Y:73 P:e5 SP:f9
cbc6    e9  41      SBC $aaaa	A:40 X:aa Y:73 P:e5 SP:fb
cbc8    20  62  f9  JSR $aaaa	A:ff X:aa Y:73 P:a4 SP:fb
f962    b0  0b      BCS $aaaa	A:ff X:aa Y:73 P:a4 SP:f9
f964    f0  09      BEQ $aaaa	A:ff X:aa Y:73 P:a4 SP:f9
f966    10  07      BPL $aaaa	A:ff X:aa Y:73 P:a4 SP:f9
f968    70  05      BVS $aaaa	A:ff X:aa Y:73 P:a4 SP:f9
f96a    c9  ff      CMP $aaaa	A:ff X:aa Y:73 P:a4 SP:f9
f96c    d0  01      BNE $aaaa	A:ff X:aa Y:73 P:27 SP:f9
f96e    60          RTS $aaaa	A:ff X:aa Y:73 P:27 SP:f9
cbcb    c8          INY $aaaa	A:ff X:aa Y:73 P:27 SP:fb
cbcc    20  72  f9  JSR $aaaa	A:ff X:aa Y:74 P:25 SP:fb
f972    18          CLC $aaaa	A:ff X:aa Y:74 P:25 SP:f9
f973    a9  80      LDA $aaaa	A:ff X:aa Y:74 P:24 SP:f9
f975    60          RTS $aaaa	A:80 X:aa Y:74 P:a4 SP:f9
cbcf    e9  00      SBC $aaaa	A:80 X:aa Y:74 P:a4 SP:fb
cbd1    20  76  f9  JSR $aaaa	A:7f X:aa Y:74 P:65 SP:fb
f976    90  05      BCC $aaaa	A:7f X:aa Y:74 P:65 SP:f9
f978    c9  7f      CMP $aaaa	A:7f X:aa Y:74 P:65 SP:f9
f97a    d0  01      BNE $aaaa	A:7f X:aa Y:74 P:67 SP:f9
f97c    60          RTS $aaaa	A:7f X:aa Y:74 P:67 SP:f9
cbd4    c8          INY $aaaa	A:7f X:aa Y:74 P:67 SP:fb
cbd5    20  80  f9  JSR $aaaa	A:7f X:aa Y:75 P:65 SP:fb
f980    38          SEC $aaaa	A:7f X:aa Y:75 P:65 SP:f9
f981    a9  81      LDA $aaaa	A:7f X:aa Y:75 P:65 SP:f9
f983    60          RTS $aaaa	A:81 X:aa Y:75 P:e5 SP:f9
cbd8    e9  7f      SBC $aaaa	A:81 X:aa Y:75 P:e5 SP:fb
cbda    20  84  f9  JSR $aaaa	A:02 X:aa Y:75 P:65 SP:fb
f984    50  07      BVC $aaaa	A:02 X:aa Y:75 P:65 SP:f9
f986    90  05      BCC $aaaa	A:02 X:aa Y:75 P:65 SP:f9
f988    c9  02      CMP $aaaa	A:02 X:aa Y:75 P:65 SP:f9
f98a    d0  01      BNE $aaaa	A:02 X:aa Y:75 P:67 SP:f9
f98c    60          RTS $aaaa	A:02 X:aa Y:75 P:67 SP:f9
cbdd    60          RTS $aaaa	A:02 X:aa Y:75 P:67 SP:fb
c606    20  de  cb  JSR $aaaa	A:02 X:aa Y:75 P:67 SP:fd
cbde    ea          NOP $aaaa	A:02 X:aa Y:75 P:67 SP:fb
cbdf    a9  ff      LDA $aaaa	A:02 X:aa Y:75 P:67 SP:fb
cbe1    85  01      STA $aaaa	A:ff X:aa Y:75 P:e5 SP:fb
cbe3    a9  44      LDA $aaaa	A:ff X:aa Y:75 P:e5 SP:fb
cbe5    a2  55      LDX $aaaa	A:44 X:aa Y:75 P:65 SP:fb
cbe7    a0  66      LDY $aaaa	A:44 X:55 Y:75 P:65 SP:fb
cbe9    e8          INX $aaaa	A:44 X:55 Y:66 P:65 SP:fb
cbea    88          DEY $aaaa	A:44 X:56 Y:66 P:65 SP:fb
cbeb    e0  56      CPX $aaaa	A:44 X:56 Y:65 P:65 SP:fb
cbed    d0  21      BNE $aaaa	A:44 X:56 Y:65 P:67 SP:fb
cbef    c0  65      CPY $aaaa	A:44 X:56 Y:65 P:67 SP:fb
cbf1    d0  1d      BNE $aaaa	A:44 X:56 Y:65 P:67 SP:fb
cbf3    e8          INX $aaaa	A:44 X:56 Y:65 P:67 SP:fb
cbf4    e8          INX $aaaa	A:44 X:57 Y:65 P:65 SP:fb
cbf5    88          DEY $aaaa	A:44 X:58 Y:65 P:65 SP:fb
cbf6    88          DEY $aaaa	A:44 X:58 Y:64 P:65 SP:fb
cbf7    e0  58      CPX $aaaa	A:44 X:58 Y:63 P:65 SP:fb
cbf9    d0  15      BNE $aaaa	A:44 X:58 Y:63 P:67 SP:fb
cbfb    c0  63      CPY $aaaa	A:44 X:58 Y:63 P:67 SP:fb
cbfd    d0  11      BNE $aaaa	A:44 X:58 Y:63 P:67 SP:fb
cbff    ca          DEX $aaaa	A:44 X:58 Y:63 P:67 SP:fb
cc00    c8          INY $aaaa	A:44 X:57 Y:63 P:65 SP:fb
cc01    e0  57      CPX $aaaa	A:44 X:57 Y:64 P:65 SP:fb
cc03    d0  0b      BNE $aaaa	A:44 X:57 Y:64 P:67 SP:fb
cc05    c0  64      CPY $aaaa	A:44 X:57 Y:64 P:67 SP:fb
cc07    d0  07      BNE $aaaa	A:44 X:57 Y:64 P:67 SP:fb
cc09    c9  44      CMP $aaaa	A:44 X:57 Y:64 P:67 SP:fb
cc0b    d0  03      BNE $aaaa	A:44 X:57 Y:64 P:67 SP:fb
cc0d    4c  14  cc  JMP $aaaa	A:44 X:57 Y:64 P:67 SP:fb
cc14    ea          NOP $aaaa	A:44 X:57 Y:64 P:67 SP:fb
cc15    38          SEC $aaaa	A:44 X:57 Y:64 P:67 SP:fb
cc16    a2  69      LDX $aaaa	A:44 X:57 Y:64 P:67 SP:fb
cc18    a9  96      LDA $aaaa	A:44 X:69 Y:64 P:65 SP:fb
cc1a    24  01      BIT $aaaa	A:96 X:69 Y:64 P:e5 SP:fb
cc1c    a0  ff      LDY $aaaa	A:96 X:69 Y:64 P:e5 SP:fb
cc1e    c8          INY $aaaa	A:96 X:69 Y:ff P:e5 SP:fb
cc1f    d0  3d      BNE $aaaa	A:96 X:69 Y:00 P:67 SP:fb
cc21    30  3b      BMI $aaaa	A:96 X:69 Y:00 P:67 SP:fb
cc23    90  39      BCC $aaaa	A:96 X:69 Y:00 P:67 SP:fb
cc25    50  37      BVC $aaaa	A:96 X:69 Y:00 P:67 SP:fb
cc27    c0  00      CPY $aaaa	A:96 X:69 Y:00 P:67 SP:fb
cc29    d0  33      BNE $aaaa	A:96 X:69 Y:00 P:67 SP:fb
cc2b    c8          INY $aaaa	A:96 X:69 Y:00 P:67 SP:fb
cc2c    f0  30      BEQ $aaaa	A:96 X:69 Y:01 P:65 SP:fb
cc2e    30  2e      BMI $aaaa	A:96 X:69 Y:01 P:65 SP:fb
cc30    90  2c      BCC $aaaa	A:96 X:69 Y:01 P:65 SP:fb
cc32    50  2a      BVC $aaaa	A:96 X:69 Y:01 P:65 SP:fb
cc34    18          CLC $aaaa	A:96 X:69 Y:01 P:65 SP:fb
cc35    b8          CLV $aaaa	A:96 X:69 Y:01 P:64 SP:fb
cc36    a0  00      LDY $aaaa	A:96 X:69 Y:01 P:24 SP:fb
cc38    88          DEY $aaaa	A:96 X:69 Y:00 P:26 SP:fb
cc39    f0  23      BEQ $aaaa	A:96 X:69 Y:ff P:a4 SP:fb
cc3b    10  21      BPL $aaaa	A:96 X:69 Y:ff P:a4 SP:fb
cc3d    b0  1f      BCS $aaaa	A:96 X:69 Y:ff P:a4 SP:fb
cc3f    70  1d      BVS $aaaa	A:96 X:69 Y:ff P:a4 SP:fb
cc41    c0  ff      CPY $aaaa	A:96 X:69 Y:ff P:a4 SP:fb
cc43    d0  19      BNE $aaaa	A:96 X:69 Y:ff P:27 SP:fb
cc45    18          CLC $aaaa	A:96 X:69 Y:ff P:27 SP:fb
cc46    88          DEY $aaaa	A:96 X:69 Y:ff P:26 SP:fb
cc47    f0  15      BEQ $aaaa	A:96 X:69 Y:fe P:a4 SP:fb
cc49    10  13      BPL $aaaa	A:96 X:69 Y:fe P:a4 SP:fb
cc4b    b0  11      BCS $aaaa	A:96 X:69 Y:fe P:a4 SP:fb
cc4d    70  0f      BVS $aaaa	A:96 X:69 Y:fe P:a4 SP:fb
cc4f    c0  fe      CPY $aaaa	A:96 X:69 Y:fe P:a4 SP:fb
cc51    d0  0b      BNE $aaaa	A:96 X:69 Y:fe P:27 SP:fb
cc53    c9  96      CMP $aaaa	A:96 X:69 Y:fe P:27 SP:fb
cc55    d0  07      BNE $aaaa	A:96 X:69 Y:fe P:27 SP:fb
cc57    e0  69      CPX $aaaa	A:96 X:69 Y:fe P:27 SP:fb
cc59    d0  03      BNE $aaaa	A:96 X:69 Y:fe P:27 SP:fb
cc5b    4c  62  cc  JMP $aaaa	A:96 X:69 Y:fe P:27 SP:fb
cc62    ea          NOP $aaaa	A:96 X:69 Y:fe P:27 SP:fb
cc63    38          SEC $aaaa	A:96 X:69 Y:fe P:27 SP:fb
cc64    a0  69      LDY $aaaa	A:96 X:69 Y:fe P:27 SP:fb
cc66    a9  96      LDA $aaaa	A:96 X:69 Y:69 P:25 SP:fb
cc68    24  01      BIT $aaaa	A:96 X:69 Y:69 P:a5 SP:fb
cc6a    a2  ff      LDX $aaaa	A:96 X:69 Y:69 P:e5 SP:fb
cc6c    e8          INX $aaaa	A:96 X:ff Y:69 P:e5 SP:fb
cc6d    d0  3d      BNE $aaaa	A:96 X:00 Y:69 P:67 SP:fb
cc6f    30  3b      BMI $aaaa	A:96 X:00 Y:69 P:67 SP:fb
cc71    90  39      BCC $aaaa	A:96 X:00 Y:69 P:67 SP:fb
cc73    50  37      BVC $aaaa	A:96 X:00 Y:69 P:67 SP:fb
cc75    e0  00      CPX $aaaa	A:96 X:00 Y:69 P:67 SP:fb
cc77    d0  33      BNE $aaaa	A:96 X:00 Y:69 P:67 SP:fb
cc79    e8          INX $aaaa	A:96 X:00 Y:69 P:67 SP:fb
cc7a    f0  30      BEQ $aaaa	A:96 X:01 Y:69 P:65 SP:fb
cc7c    30  2e      BMI $aaaa	A:96 X:01 Y:69 P:65 SP:fb
cc7e    90  2c      BCC $aaaa	A:96 X:01 Y:69 P:65 SP:fb
cc80    50  2a      BVC $aaaa	A:96 X:01 Y:69 P:65 SP:fb
cc82    18          CLC $aaaa	A:96 X:01 Y:69 P:65 SP:fb
cc83    b8          CLV $aaaa	A:96 X:01 Y:69 P:64 SP:fb
cc84    a2  00      LDX $aaaa	A:96 X:01 Y:69 P:24 SP:fb
cc86    ca          DEX $aaaa	A:96 X:00 Y:69 P:26 SP:fb
cc87    f0  23      BEQ $aaaa	A:96 X:ff Y:69 P:a4 SP:fb
cc89    10  21      BPL $aaaa	A:96 X:ff Y:69 P:a4 SP:fb
cc8b    b0  1f      BCS $aaaa	A:96 X:ff Y:69 P:a4 SP:fb
cc8d    70  1d      BVS $aaaa	A:96 X:ff Y:69 P:a4 SP:fb
cc8f    e0  ff      CPX $aaaa	A:96 X:ff Y:69 P:a4 SP:fb
cc91    d0  19      BNE $aaaa	A:96 X:ff Y:69 P:27 SP:fb
cc93    18          CLC $aaaa	A:96 X:ff Y:69 P:27 SP:fb
cc94    ca          DEX $aaaa	A:96 X:ff Y:69 P:26 SP:fb
cc95    f0  15      BEQ $aaaa	A:96 X:fe Y:69 P:a4 SP:fb
cc97    10  13      BPL $aaaa	A:96 X:fe Y:69 P:a4 SP:fb
cc99    b0  11      BCS $aaaa	A:96 X:fe Y:69 P:a4 SP:fb
cc9b    70  0f      BVS $aaaa	A:96 X:fe Y:69 P:a4 SP:fb
cc9d    e0  fe      CPX $aaaa	A:96 X:fe Y:69 P:a4 SP:fb
cc9f    d0  0b      BNE $aaaa	A:96 X:fe Y:69 P:27 SP:fb
cca1    c9  96      CMP $aaaa	A:96 X:fe Y:69 P:27 SP:fb
cca3    d0  07      BNE $aaaa	A:96 X:fe Y:69 P:27 SP:fb
cca5    c0  69      CPY $aaaa	A:96 X:fe Y:69 P:27 SP:fb
cca7    d0  03      BNE $aaaa	A:96 X:fe Y:69 P:27 SP:fb
cca9    4c  b0  cc  JMP $aaaa	A:96 X:fe Y:69 P:27 SP:fb
ccb0    ea          NOP $aaaa	A:96 X:fe Y:69 P:27 SP:fb
ccb1    a9  85      LDA $aaaa	A:96 X:fe Y:69 P:27 SP:fb
ccb3    a2  34      LDX $aaaa	A:85 X:fe Y:69 P:a5 SP:fb
ccb5    a0  99      LDY $aaaa	A:85 X:34 Y:69 P:25 SP:fb
ccb7    18          CLC $aaaa	A:85 X:34 Y:99 P:a5 SP:fb
ccb8    24  01      BIT $aaaa	A:85 X:34 Y:99 P:a4 SP:fb
ccba    a8          TAY $aaaa	A:85 X:34 Y:99 P:e4 SP:fb
ccbb    f0  2e      BEQ $aaaa	A:85 X:34 Y:85 P:e4 SP:fb
ccbd    b0  2c      BCS $aaaa	A:85 X:34 Y:85 P:e4 SP:fb
ccbf    50  2a      BVC $aaaa	A:85 X:34 Y:85 P:e4 SP:fb
ccc1    10  28      BPL $aaaa	A:85 X:34 Y:85 P:e4 SP:fb
ccc3    c9  85      CMP $aaaa	A:85 X:34 Y:85 P:e4 SP:fb
ccc5    d0  24      BNE $aaaa	A:85 X:34 Y:85 P:67 SP:fb
ccc7    e0  34      CPX $aaaa	A:85 X:34 Y:85 P:67 SP:fb
ccc9    d0  20      BNE $aaaa	A:85 X:34 Y:85 P:67 SP:fb
cccb    c0  85      CPY $aaaa	A:85 X:34 Y:85 P:67 SP:fb
cccd    d0  1c      BNE $aaaa	A:85 X:34 Y:85 P:67 SP:fb
cccf    a9  00      LDA $aaaa	A:85 X:34 Y:85 P:67 SP:fb
ccd1    38          SEC $aaaa	A:00 X:34 Y:85 P:67 SP:fb
ccd2    b8          CLV $aaaa	A:00 X:34 Y:85 P:67 SP:fb
ccd3    a8          TAY $aaaa	A:00 X:34 Y:85 P:27 SP:fb
ccd4    d0  15      BNE $aaaa	A:00 X:34 Y:00 P:27 SP:fb
ccd6    90  13      BCC $aaaa	A:00 X:34 Y:00 P:27 SP:fb
ccd8    70  11      BVS $aaaa	A:00 X:34 Y:00 P:27 SP:fb
ccda    30  0f      BMI $aaaa	A:00 X:34 Y:00 P:27 SP:fb
ccdc    c9  00      CMP $aaaa	A:00 X:34 Y:00 P:27 SP:fb
ccde    d0  0b      BNE $aaaa	A:00 X:34 Y:00 P:27 SP:fb
cce0    e0  34      CPX $aaaa	A:00 X:34 Y:00 P:27 SP:fb
cce2    d0  07      BNE $aaaa	A:00 X:34 Y:00 P:27 SP:fb
cce4    c0  00      CPY $aaaa	A:00 X:34 Y:00 P:27 SP:fb
cce6    d0  03      BNE $aaaa	A:00 X:34 Y:00 P:27 SP:fb
cce8    4c  ef  cc  JMP $aaaa	A:00 X:34 Y:00 P:27 SP:fb
ccef    ea          NOP $aaaa	A:00 X:34 Y:00 P:27 SP:fb
ccf0    a9  85      LDA $aaaa	A:00 X:34 Y:00 P:27 SP:fb
ccf2    a2  34      LDX $aaaa	A:85 X:34 Y:00 P:a5 SP:fb
ccf4    a0  99      LDY $aaaa	A:85 X:34 Y:00 P:25 SP:fb
ccf6    18          CLC $aaaa	A:85 X:34 Y:99 P:a5 SP:fb
ccf7    24  01      BIT $aaaa	A:85 X:34 Y:99 P:a4 SP:fb
ccf9    aa          TAX $aaaa	A:85 X:34 Y:99 P:e4 SP:fb
ccfa    f0  2e      BEQ $aaaa	A:85 X:85 Y:99 P:e4 SP:fb
ccfc    b0  2c      BCS $aaaa	A:85 X:85 Y:99 P:e4 SP:fb
ccfe    50  2a      BVC $aaaa	A:85 X:85 Y:99 P:e4 SP:fb
cd00    10  28      BPL $aaaa	A:85 X:85 Y:99 P:e4 SP:fb
cd02    c9  85      CMP $aaaa	A:85 X:85 Y:99 P:e4 SP:fb
cd04    d0  24      BNE $aaaa	A:85 X:85 Y:99 P:67 SP:fb
cd06    e0  85      CPX $aaaa	A:85 X:85 Y:99 P:67 SP:fb
cd08    d0  20      BNE $aaaa	A:85 X:85 Y:99 P:67 SP:fb
cd0a    c0  99      CPY $aaaa	A:85 X:85 Y:99 P:67 SP:fb
cd0c    d0  1c      BNE $aaaa	A:85 X:85 Y:99 P:67 SP:fb
cd0e    a9  00      LDA $aaaa	A:85 X:85 Y:99 P:67 SP:fb
cd10    38          SEC $aaaa	A:00 X:85 Y:99 P:67 SP:fb
cd11    b8          CLV $aaaa	A:00 X:85 Y:99 P:67 SP:fb
cd12    aa          TAX $aaaa	A:00 X:85 Y:99 P:27 SP:fb
cd13    d0  15      BNE $aaaa	A:00 X:00 Y:99 P:27 SP:fb
cd15    90  13      BCC $aaaa	A:00 X:00 Y:99 P:27 SP:fb
cd17    70  11      BVS $aaaa	A:00 X:00 Y:99 P:27 SP:fb
cd19    30  0f      BMI $aaaa	A:00 X:00 Y:99 P:27 SP:fb
cd1b    c9  00      CMP $aaaa	A:00 X:00 Y:99 P:27 SP:fb
cd1d    d0  0b      BNE $aaaa	A:00 X:00 Y:99 P:27 SP:fb
cd1f    e0  00      CPX $aaaa	A:00 X:00 Y:99 P:27 SP:fb
cd21    d0  07      BNE $aaaa	A:00 X:00 Y:99 P:27 SP:fb
cd23    c0  99      CPY $aaaa	A:00 X:00 Y:99 P:27 SP:fb
cd25    d0  03      BNE $aaaa	A:00 X:00 Y:99 P:27 SP:fb
cd27    4c  2e  cd  JMP $aaaa	A:00 X:00 Y:99 P:27 SP:fb
cd2e    ea          NOP $aaaa	A:00 X:00 Y:99 P:27 SP:fb
cd2f    a9  85      LDA $aaaa	A:00 X:00 Y:99 P:27 SP:fb
cd31    a2  34      LDX $aaaa	A:85 X:00 Y:99 P:a5 SP:fb
cd33    a0  99      LDY $aaaa	A:85 X:34 Y:99 P:25 SP:fb
cd35    18          CLC $aaaa	A:85 X:34 Y:99 P:a5 SP:fb
cd36    24  01      BIT $aaaa	A:85 X:34 Y:99 P:a4 SP:fb
cd38    98          TYA $aaaa	A:85 X:34 Y:99 P:e4 SP:fb
cd39    f0  2e      BEQ $aaaa	A:99 X:34 Y:99 P:e4 SP:fb
cd3b    b0  2c      BCS $aaaa	A:99 X:34 Y:99 P:e4 SP:fb
cd3d    50  2a      BVC $aaaa	A:99 X:34 Y:99 P:e4 SP:fb
cd3f    10  28      BPL $aaaa	A:99 X:34 Y:99 P:e4 SP:fb
cd41    c9  99      CMP $aaaa	A:99 X:34 Y:99 P:e4 SP:fb
cd43    d0  24      BNE $aaaa	A:99 X:34 Y:99 P:67 SP:fb
cd45    e0  34      CPX $aaaa	A:99 X:34 Y:99 P:67 SP:fb
cd47    d0  20      BNE $aaaa	A:99 X:34 Y:99 P:67 SP:fb
cd49    c0  99      CPY $aaaa	A:99 X:34 Y:99 P:67 SP:fb
cd4b    d0  1c      BNE $aaaa	A:99 X:34 Y:99 P:67 SP:fb
cd4d    a0  00      LDY $aaaa	A:99 X:34 Y:99 P:67 SP:fb
cd4f    38          SEC $aaaa	A:99 X:34 Y:00 P:67 SP:fb
cd50    b8          CLV $aaaa	A:99 X:34 Y:00 P:67 SP:fb
cd51    98          TYA $aaaa	A:99 X:34 Y:00 P:27 SP:fb
cd52    d0  15      BNE $aaaa	A:00 X:34 Y:00 P:27 SP:fb
cd54    90  13      BCC $aaaa	A:00 X:34 Y:00 P:27 SP:fb
cd56    70  11      BVS $aaaa	A:00 X:34 Y:00 P:27 SP:fb
cd58    30  0f      BMI $aaaa	A:00 X:34 Y:00 P:27 SP:fb
cd5a    c9  00      CMP $aaaa	A:00 X:34 Y:00 P:27 SP:fb
cd5c    d0  0b      BNE $aaaa	A:00 X:34 Y:00 P:27 SP:fb
cd5e    e0  34      CPX $aaaa	A:00 X:34 Y:00 P:27 SP:fb
cd60    d0  07      BNE $aaaa	A:00 X:34 Y:00 P:27 SP:fb
cd62    c0  00      CPY $aaaa	A:00 X:34 Y:00 P:27 SP:fb
cd64    d0  03      BNE $aaaa	A:00 X:34 Y:00 P:27 SP:fb
cd66    4c  6d  cd  JMP $aaaa	A:00 X:34 Y:00 P:27 SP:fb
cd6d    ea          NOP $aaaa	A:00 X:34 Y:00 P:27 SP:fb
cd6e    a9  85      LDA $aaaa	A:00 X:34 Y:00 P:27 SP:fb
cd70    a2  34      LDX $aaaa	A:85 X:34 Y:00 P:a5 SP:fb
cd72    a0  99      LDY $aaaa	A:85 X:34 Y:00 P:25 SP:fb
cd74    18          CLC $aaaa	A:85 X:34 Y:99 P:a5 SP:fb
cd75    24  01      BIT $aaaa	A:85 X:34 Y:99 P:a4 SP:fb
cd77    8a          TXA $aaaa	A:85 X:34 Y:99 P:e4 SP:fb
cd78    f0  2e      BEQ $aaaa	A:34 X:34 Y:99 P:64 SP:fb
cd7a    b0  2c      BCS $aaaa	A:34 X:34 Y:99 P:64 SP:fb
cd7c    50  2a      BVC $aaaa	A:34 X:34 Y:99 P:64 SP:fb
cd7e    30  28      BMI $aaaa	A:34 X:34 Y:99 P:64 SP:fb
cd80    c9  34      CMP $aaaa	A:34 X:34 Y:99 P:64 SP:fb
cd82    d0  24      BNE $aaaa	A:34 X:34 Y:99 P:67 SP:fb
cd84    e0  34      CPX $aaaa	A:34 X:34 Y:99 P:67 SP:fb
cd86    d0  20      BNE $aaaa	A:34 X:34 Y:99 P:67 SP:fb
cd88    c0  99      CPY $aaaa	A:34 X:34 Y:99 P:67 SP:fb
cd8a    d0  1c      BNE $aaaa	A:34 X:34 Y:99 P:67 SP:fb
cd8c    a2  00      LDX $aaaa	A:34 X:34 Y:99 P:67 SP:fb
cd8e    38          SEC $aaaa	A:34 X:00 Y:99 P:67 SP:fb
cd8f    b8          CLV $aaaa	A:34 X:00 Y:99 P:67 SP:fb
cd90    8a          TXA $aaaa	A:34 X:00 Y:99 P:27 SP:fb
cd91    d0  15      BNE $aaaa	A:00 X:00 Y:99 P:27 SP:fb
cd93    90  13      BCC $aaaa	A:00 X:00 Y:99 P:27 SP:fb
cd95    70  11      BVS $aaaa	A:00 X:00 Y:99 P:27 SP:fb
cd97    30  0f      BMI $aaaa	A:00 X:00 Y:99 P:27 SP:fb
cd99    c9  00      CMP $aaaa	A:00 X:00 Y:99 P:27 SP:fb
cd9b    d0  0b      BNE $aaaa	A:00 X:00 Y:99 P:27 SP:fb
cd9d    e0  00      CPX $aaaa	A:00 X:00 Y:99 P:27 SP:fb
cd9f    d0  07      BNE $aaaa	A:00 X:00 Y:99 P:27 SP:fb
cda1    c0  99      CPY $aaaa	A:00 X:00 Y:99 P:27 SP:fb
cda3    d0  03      BNE $aaaa	A:00 X:00 Y:99 P:27 SP:fb
cda5    4c  ac  cd  JMP $aaaa	A:00 X:00 Y:99 P:27 SP:fb
cdac    ea          NOP $aaaa	A:00 X:00 Y:99 P:27 SP:fb
cdad    ba          TSX $aaaa	A:00 X:00 Y:99 P:27 SP:fb
cdae    8e  ff  07  STX $aaaa	A:00 X:fb Y:99 P:a5 SP:fb
cdb1    a0  33      LDY $aaaa	A:00 X:fb Y:99 P:a5 SP:fb
cdb3    a2  69      LDX $aaaa	A:00 X:fb Y:33 P:25 SP:fb
cdb5    a9  84      LDA $aaaa	A:00 X:69 Y:33 P:25 SP:fb
cdb7    18          CLC $aaaa	A:84 X:69 Y:33 P:a5 SP:fb
cdb8    24  01      BIT $aaaa	A:84 X:69 Y:33 P:a4 SP:fb
cdba    9a          TXS $aaaa	A:84 X:69 Y:33 P:e4 SP:fb
cdbb    f0  32      BEQ $aaaa	A:84 X:69 Y:33 P:64 SP:69
cdbd    10  30      BPL $aaaa	A:84 X:69 Y:33 P:64 SP:69
cdef    a2  45      LDX $aaaa	A:84 X:69 Y:33 P:64 SP:69
cdf1    86  00      STX $aaaa	A:84 X:45 Y:33 P:64 SP:69
cdf3    ae  ff  07  LDX $aaaa	A:84 X:45 Y:33 P:64 SP:69
cdf6    9a          TXS $aaaa	A:84 X:fb Y:33 P:e4 SP:69
cdf7    60          RTS $aaaa	A:84 X:fb Y:33 P:e4 SP:fb
c609    20  f8  cd  JSR $aaaa	A:84 X:fb Y:33 P:e4 SP:fd
cdf8    a9  ff      LDA $aaaa	A:84 X:fb Y:33 P:e4 SP:fb
cdfa    85  01      STA $aaaa	A:ff X:fb Y:33 P:e4 SP:fb
cdfc    ba          TSX $aaaa	A:ff X:fb Y:33 P:e4 SP:fb
cdfd    8e  ff  07  STX $aaaa	A:ff X:fb Y:33 P:e4 SP:fb
ce00    ea          NOP $aaaa	A:ff X:fb Y:33 P:e4 SP:fb
ce01    a2  80      LDX $aaaa	A:ff X:fb Y:33 P:e4 SP:fb
ce03    9a          TXS $aaaa	A:ff X:80 Y:33 P:e4 SP:fb
ce04    a9  33      LDA $aaaa	A:ff X:80 Y:33 P:e4 SP:80
ce06    48          PHA $aaaa	A:33 X:80 Y:33 P:64 SP:80
ce07    a9  69      LDA $aaaa	A:33 X:80 Y:33 P:64 SP:7f
ce09    48          PHA $aaaa	A:69 X:80 Y:33 P:64 SP:7f
ce0a    ba          TSX $aaaa	A:69 X:80 Y:33 P:64 SP:7e
ce0b    e0  7e      CPX $aaaa	A:69 X:7e Y:33 P:64 SP:7e
ce0d    d0  20      BNE $aaaa	A:69 X:7e Y:33 P:67 SP:7e
ce0f    68          PLA $aaaa	A:69 X:7e Y:33 P:67 SP:7e
ce10    c9  69      CMP $aaaa	A:69 X:7e Y:33 P:65 SP:7f
ce12    d0  1b      BNE $aaaa	A:69 X:7e Y:33 P:67 SP:7f
ce14    68          PLA $aaaa	A:69 X:7e Y:33 P:67 SP:7f
ce15    c9  33      CMP $aaaa	A:33 X:7e Y:33 P:65 SP:80
ce17    d0  16      BNE $aaaa	A:33 X:7e Y:33 P:67 SP:80
ce19    ba          TSX $aaaa	A:33 X:7e Y:33 P:67 SP:80
ce1a    e0  80      CPX $aaaa	A:33 X:80 Y:33 P:e5 SP:80
ce1c    d0  11      BNE $aaaa	A:33 X:80 Y:33 P:67 SP:80
ce1e    ad  80  01  LDA $aaaa	A:33 X:80 Y:33 P:67 SP:80
ce21    c9  33      CMP $aaaa	A:00 X:80 Y:33 P:67 SP:80
ce23    d0  0a      BNE $aaaa	A:00 X:80 Y:33 P:e4 SP:80
ce2f    a2  46      LDX $aaaa	A:00 X:80 Y:33 P:e4 SP:80
ce31    86  00      STX $aaaa	A:00 X:46 Y:33 P:64 SP:80
ce33    ea          NOP $aaaa	A:00 X:46 Y:33 P:64 SP:80
ce34    a2  80      LDX $aaaa	A:00 X:46 Y:33 P:64 SP:80
ce36    9a          TXS $aaaa	A:00 X:80 Y:33 P:e4 SP:80
ce37    20  3d  ce  JSR $aaaa	A:00 X:80 Y:33 P:e4 SP:80
ce3d    ba          TSX $aaaa	A:00 X:80 Y:33 P:e4 SP:7e
ce3e    e0  7e      CPX $aaaa	A:00 X:7e Y:33 P:64 SP:7e
ce40    d0  19      BNE $aaaa	A:00 X:7e Y:33 P:67 SP:7e
ce42    68          PLA $aaaa	A:00 X:7e Y:33 P:67 SP:7e
ce43    68          PLA $aaaa	A:3a X:7e Y:33 P:65 SP:7f
ce44    ba          TSX $aaaa	A:ce X:7e Y:33 P:e5 SP:80
ce45    e0  80      CPX $aaaa	A:ce X:80 Y:33 P:e5 SP:80
ce47    d0  12      BNE $aaaa	A:ce X:80 Y:33 P:67 SP:80
ce49    a9  00      LDA $aaaa	A:ce X:80 Y:33 P:67 SP:80
ce4b    20  4e  ce  JSR $aaaa	A:00 X:80 Y:33 P:67 SP:80
ce4e    68          PLA $aaaa	A:00 X:80 Y:33 P:67 SP:7e
ce4f    c9  4d      CMP $aaaa	A:4e X:80 Y:33 P:65 SP:7f
ce51    d0  08      BNE $aaaa	A:4e X:80 Y:33 P:65 SP:7f
ce5b    a2  47      LDX $aaaa	A:4e X:80 Y:33 P:65 SP:7f
ce5d    86  00      STX $aaaa	A:4e X:47 Y:33 P:65 SP:7f
ce5f    ea          NOP $aaaa	A:4e X:47 Y:33 P:65 SP:7f
ce60    a9  ce      LDA $aaaa	A:4e X:47 Y:33 P:65 SP:7f
ce62    48          PHA $aaaa	A:ce X:47 Y:33 P:e5 SP:7f
ce63    a9  66      LDA $aaaa	A:ce X:47 Y:33 P:e5 SP:7e
ce65    48          PHA $aaaa	A:66 X:47 Y:33 P:65 SP:7e
ce66    60          RTS $aaaa	A:66 X:47 Y:33 P:65 SP:7d
ce66    60          RTS $aaaa	A:66 X:47 Y:33 P:65 SP:7f
